[0m21:12:53.673677 [debug] [MainThread]: Sending event: {'category': 'dbt', 'action': 'invocation', 'label': 'start', 'context': [<snowplow_tracker.self_describing_json.SelfDescribingJson object at 0x0000022AB9742A30>, <snowplow_tracker.self_describing_json.SelfDescribingJson object at 0x0000022ABC2224F0>, <snowplow_tracker.self_describing_json.SelfDescribingJson object at 0x0000022ABC2222E0>]}


============================== 21:12:53.673677 | 26a18643-ada7-487b-8060-2bee18275a61 ==============================
[0m21:12:53.673677 [info ] [MainThread]: Running with dbt=1.8.3
[0m21:12:53.673677 [debug] [MainThread]: running dbt with arguments {'printer_width': '80', 'indirect_selection': 'eager', 'write_json': 'True', 'log_cache_events': 'False', 'partial_parse': 'True', 'cache_selected_only': 'False', 'warn_error': 'None', 'version_check': 'True', 'profiles_dir': 'C:\\Users\\Ben\\.dbt', 'log_path': 'logs', 'debug': 'False', 'fail_fast': 'False', 'use_colors': 'True', 'use_experimental_parser': 'False', 'no_print': 'None', 'quiet': 'False', 'empty': 'None', 'log_format': 'default', 'static_parser': 'True', 'introspect': 'True', 'invocation_command': 'dbt init worldbank-data-challenge', 'target_path': 'None', 'warn_error_options': 'WarnErrorOptions(include=[], exclude=[])', 'send_anonymous_usage_stats': 'True'}
[0m21:13:13.317526 [debug] [MainThread]: Starter project path: C:\Users\Ben\AppData\Roaming\Python\Python39\site-packages\dbt\include\starter_project
[0m21:13:13.403766 [info ] [MainThread]: 
Your new dbt project "worldbank_data_challenge" was created!

For more information on how to configure the profiles.yml file,
please consult the dbt documentation here:

  https://docs.getdbt.com/docs/configure-your-profile

One more thing:

Need help? Don't hesitate to reach out to us via GitHub issues or on Slack:

  https://community.getdbt.com/

Happy modeling!

[0m21:13:13.412416 [info ] [MainThread]: Setting up your profile.
[0m21:17:16.872244 [info ] [MainThread]: Profile worldbank_data_challenge written to C:\Users\Ben\.dbt\profiles.yml using target's profile_template.yml and your supplied values. Run 'dbt debug' to validate the connection.
[0m21:17:16.886454 [debug] [MainThread]: Command `dbt init` succeeded at 21:17:16.886454 after 263.32 seconds
[0m21:17:16.886454 [debug] [MainThread]: Sending event: {'category': 'dbt', 'action': 'invocation', 'label': 'end', 'context': [<snowplow_tracker.self_describing_json.SelfDescribingJson object at 0x0000022AB9742A30>, <snowplow_tracker.self_describing_json.SelfDescribingJson object at 0x0000022ABC2224F0>, <snowplow_tracker.self_describing_json.SelfDescribingJson object at 0x0000022ABC351550>]}
[0m21:17:16.886454 [debug] [MainThread]: Flushing usage events
[0m21:39:08.799132 [debug] [MainThread]: Sending event: {'category': 'dbt', 'action': 'invocation', 'label': 'start', 'context': [<snowplow_tracker.self_describing_json.SelfDescribingJson object at 0x000001D9A1E30A60>, <snowplow_tracker.self_describing_json.SelfDescribingJson object at 0x000001D9A49124F0>, <snowplow_tracker.self_describing_json.SelfDescribingJson object at 0x000001D9A49122E0>]}


============================== 21:39:08.799132 | b3686e5a-9f8a-49f8-9d60-9d4bd660746a ==============================
[0m21:39:08.799132 [info ] [MainThread]: Running with dbt=1.8.3
[0m21:39:08.814792 [debug] [MainThread]: running dbt with arguments {'printer_width': '80', 'indirect_selection': 'eager', 'log_cache_events': 'False', 'write_json': 'True', 'partial_parse': 'True', 'cache_selected_only': 'False', 'profiles_dir': 'C:\\Users\\Ben\\.dbt', 'debug': 'False', 'version_check': 'True', 'log_path': 'logs', 'warn_error': 'None', 'fail_fast': 'False', 'use_colors': 'True', 'use_experimental_parser': 'False', 'empty': 'None', 'quiet': 'False', 'no_print': 'None', 'warn_error_options': 'WarnErrorOptions(include=[], exclude=[])', 'invocation_command': 'dbt debug', 'introspect': 'True', 'log_format': 'default', 'target_path': 'None', 'static_parser': 'True', 'send_anonymous_usage_stats': 'True'}
[0m21:39:08.841849 [info ] [MainThread]: dbt version: 1.8.3
[0m21:39:08.841849 [info ] [MainThread]: python version: 3.9.12
[0m21:39:08.841849 [info ] [MainThread]: python path: C:\ProgramData\Anaconda3\python.exe
[0m21:39:08.841849 [info ] [MainThread]: os info: Windows-10-10.0.19045-SP0
[0m21:39:08.860355 [info ] [MainThread]: Error importing adapter: No module named 'dbt.adapters.snowflake'
[0m21:39:08.962888 [info ] [MainThread]: Using profiles dir at C:\Users\Ben\.dbt
[0m21:39:08.962888 [info ] [MainThread]: Using profiles.yml file at C:\Users\Ben\.dbt\profiles.yml
[0m21:39:08.962888 [info ] [MainThread]: Using dbt_project.yml file at C:\Users\Ben\Documents\git-repos\worldbank-data-challenge\dbt_project.yml
[0m21:39:08.962888 [info ] [MainThread]: Configuration:
[0m21:39:08.970849 [info ] [MainThread]:   profiles.yml file [[31mERROR invalid[0m]
[0m21:39:08.970849 [info ] [MainThread]:   dbt_project.yml file [[31mERROR not found[0m]
[0m21:39:08.974865 [info ] [MainThread]: Required dependencies:
[0m21:39:08.976584 [debug] [MainThread]: Executing "git --help"
[0m21:39:09.062915 [debug] [MainThread]: STDOUT: "b"usage: git [-v | --version] [-h | --help] [-C <path>] [-c <name>=<value>]\n           [--exec-path[=<path>]] [--html-path] [--man-path] [--info-path]\n           [-p | --paginate | -P | --no-pager] [--no-replace-objects] [--bare]\n           [--git-dir=<path>] [--work-tree=<path>] [--namespace=<name>]\n           [--super-prefix=<path>] [--config-env=<name>=<envvar>]\n           <command> [<args>]\n\nThese are common Git commands used in various situations:\n\nstart a working area (see also: git help tutorial)\n   clone     Clone a repository into a new directory\n   init      Create an empty Git repository or reinitialize an existing one\n\nwork on the current change (see also: git help everyday)\n   add       Add file contents to the index\n   mv        Move or rename a file, a directory, or a symlink\n   restore   Restore working tree files\n   rm        Remove files from the working tree and from the index\n\nexamine the history and state (see also: git help revisions)\n   bisect    Use binary search to find the commit that introduced a bug\n   diff      Show changes between commits, commit and working tree, etc\n   grep      Print lines matching a pattern\n   log       Show commit logs\n   show      Show various types of objects\n   status    Show the working tree status\n\ngrow, mark and tweak your common history\n   branch    List, create, or delete branches\n   commit    Record changes to the repository\n   merge     Join two or more development histories together\n   rebase    Reapply commits on top of another base tip\n   reset     Reset current HEAD to the specified state\n   switch    Switch branches\n   tag       Create, list, delete or verify a tag object signed with GPG\n\ncollaborate (see also: git help workflows)\n   fetch     Download objects and refs from another repository\n   pull      Fetch from and integrate with another repository or a local branch\n   push      Update remote refs along with associated objects\n\n'git help -a' and 'git help -g' list available subcommands and some\nconcept guides. See 'git help <command>' or 'git help <concept>'\nto read about a specific subcommand or concept.\nSee 'git help git' for an overview of the system.\n""
[0m21:39:09.062915 [debug] [MainThread]: STDERR: "b''"
[0m21:39:09.062915 [info ] [MainThread]:  - git [[32mOK found[0m]

[0m21:39:09.062915 [info ] [MainThread]: Connection test skipped since no profile was found
[0m21:39:09.062915 [info ] [MainThread]: [31m2 checks failed:[0m
[0m21:39:09.062915 [info ] [MainThread]: Could not load dbt_project.yml
Profile loading failed for the following reason:
Runtime Error
  Credentials in profile "dbtlearn", target "dev" invalid: Runtime Error
    Could not find adapter type snowflake!


[0m21:39:09.072062 [info ] [MainThread]: Project loading failed for the following reason:
 project path <C:\Users\Ben\Documents\git-repos\worldbank-data-challenge\dbt_project.yml> not found

[0m21:39:09.072062 [debug] [MainThread]: Command `dbt debug` failed at 21:39:09.072062 after 0.38 seconds
[0m21:39:09.072062 [debug] [MainThread]: Sending event: {'category': 'dbt', 'action': 'invocation', 'label': 'end', 'context': [<snowplow_tracker.self_describing_json.SelfDescribingJson object at 0x000001D9A1E30A60>, <snowplow_tracker.self_describing_json.SelfDescribingJson object at 0x000001D9A48F3EB0>, <snowplow_tracker.self_describing_json.SelfDescribingJson object at 0x000001D9A4A84CD0>]}
[0m21:39:09.072062 [debug] [MainThread]: Flushing usage events
[0m21:42:22.802103 [debug] [MainThread]: Sending event: {'category': 'dbt', 'action': 'invocation', 'label': 'start', 'context': [<snowplow_tracker.self_describing_json.SelfDescribingJson object at 0x0000015EFCBF3A30>, <snowplow_tracker.self_describing_json.SelfDescribingJson object at 0x0000015EFF6D24F0>, <snowplow_tracker.self_describing_json.SelfDescribingJson object at 0x0000015EFF6D22E0>]}


============================== 21:42:22.802103 | d457b031-bc0f-4c10-97de-695a8c40e47a ==============================
[0m21:42:22.802103 [info ] [MainThread]: Running with dbt=1.8.3
[0m21:42:22.802103 [debug] [MainThread]: running dbt with arguments {'printer_width': '80', 'indirect_selection': 'eager', 'write_json': 'True', 'log_cache_events': 'False', 'partial_parse': 'True', 'cache_selected_only': 'False', 'warn_error': 'None', 'fail_fast': 'False', 'debug': 'False', 'log_path': 'logs', 'profiles_dir': 'C:\\Users\\Ben\\.dbt', 'version_check': 'True', 'use_colors': 'True', 'use_experimental_parser': 'False', 'no_print': 'None', 'quiet': 'False', 'empty': 'None', 'warn_error_options': 'WarnErrorOptions(include=[], exclude=[])', 'static_parser': 'True', 'invocation_command': 'dbt debug', 'log_format': 'default', 'target_path': 'None', 'introspect': 'True', 'send_anonymous_usage_stats': 'True'}
[0m21:42:22.843514 [info ] [MainThread]: dbt version: 1.8.3
[0m21:42:22.843514 [info ] [MainThread]: python version: 3.9.12
[0m21:42:22.843514 [info ] [MainThread]: python path: C:\ProgramData\Anaconda3\python.exe
[0m21:42:22.843514 [info ] [MainThread]: os info: Windows-10-10.0.19045-SP0
[0m21:42:22.861769 [info ] [MainThread]: Error importing adapter: No module named 'dbt.adapters.snowflake'
[0m21:42:22.957103 [info ] [MainThread]: Using profiles dir at C:\Users\Ben\.dbt
[0m21:42:22.957103 [info ] [MainThread]: Using profiles.yml file at C:\Users\Ben\.dbt\profiles.yml
[0m21:42:22.965124 [info ] [MainThread]: Using dbt_project.yml file at C:\Users\Ben\Documents\git-repos\worldbank-data-challenge\dbt_project.yml
[0m21:42:22.965124 [info ] [MainThread]: Configuration:
[0m21:42:22.965124 [info ] [MainThread]:   profiles.yml file [[31mERROR invalid[0m]
[0m21:42:22.965124 [info ] [MainThread]:   dbt_project.yml file [[31mERROR not found[0m]
[0m21:42:22.969824 [info ] [MainThread]: Required dependencies:
[0m21:42:22.973635 [debug] [MainThread]: Executing "git --help"
[0m21:42:23.040114 [debug] [MainThread]: STDOUT: "b"usage: git [-v | --version] [-h | --help] [-C <path>] [-c <name>=<value>]\n           [--exec-path[=<path>]] [--html-path] [--man-path] [--info-path]\n           [-p | --paginate | -P | --no-pager] [--no-replace-objects] [--bare]\n           [--git-dir=<path>] [--work-tree=<path>] [--namespace=<name>]\n           [--super-prefix=<path>] [--config-env=<name>=<envvar>]\n           <command> [<args>]\n\nThese are common Git commands used in various situations:\n\nstart a working area (see also: git help tutorial)\n   clone     Clone a repository into a new directory\n   init      Create an empty Git repository or reinitialize an existing one\n\nwork on the current change (see also: git help everyday)\n   add       Add file contents to the index\n   mv        Move or rename a file, a directory, or a symlink\n   restore   Restore working tree files\n   rm        Remove files from the working tree and from the index\n\nexamine the history and state (see also: git help revisions)\n   bisect    Use binary search to find the commit that introduced a bug\n   diff      Show changes between commits, commit and working tree, etc\n   grep      Print lines matching a pattern\n   log       Show commit logs\n   show      Show various types of objects\n   status    Show the working tree status\n\ngrow, mark and tweak your common history\n   branch    List, create, or delete branches\n   commit    Record changes to the repository\n   merge     Join two or more development histories together\n   rebase    Reapply commits on top of another base tip\n   reset     Reset current HEAD to the specified state\n   switch    Switch branches\n   tag       Create, list, delete or verify a tag object signed with GPG\n\ncollaborate (see also: git help workflows)\n   fetch     Download objects and refs from another repository\n   pull      Fetch from and integrate with another repository or a local branch\n   push      Update remote refs along with associated objects\n\n'git help -a' and 'git help -g' list available subcommands and some\nconcept guides. See 'git help <command>' or 'git help <concept>'\nto read about a specific subcommand or concept.\nSee 'git help git' for an overview of the system.\n""
[0m21:42:23.042262 [debug] [MainThread]: STDERR: "b''"
[0m21:42:23.042262 [info ] [MainThread]:  - git [[32mOK found[0m]

[0m21:42:23.042262 [info ] [MainThread]: Connection test skipped since no profile was found
[0m21:42:23.042262 [info ] [MainThread]: [31m2 checks failed:[0m
[0m21:42:23.042262 [info ] [MainThread]: Could not load dbt_project.yml
Profile loading failed for the following reason:
Runtime Error
  Credentials in profile "dbtlearn", target "dev" invalid: Runtime Error
    Could not find adapter type snowflake!


[0m21:42:23.051202 [info ] [MainThread]: Project loading failed for the following reason:
 project path <C:\Users\Ben\Documents\git-repos\worldbank-data-challenge\dbt_project.yml> not found

[0m21:42:23.051202 [debug] [MainThread]: Command `dbt debug` failed at 21:42:23.051202 after 0.35 seconds
[0m21:42:23.059201 [debug] [MainThread]: Sending event: {'category': 'dbt', 'action': 'invocation', 'label': 'end', 'context': [<snowplow_tracker.self_describing_json.SelfDescribingJson object at 0x0000015EFCBF3A30>, <snowplow_tracker.self_describing_json.SelfDescribingJson object at 0x0000015EFC79B6D0>, <snowplow_tracker.self_describing_json.SelfDescribingJson object at 0x0000015EFF6B2D60>]}
[0m21:42:23.059201 [debug] [MainThread]: Flushing usage events
